<?xml version="1.0" encoding="UTF-8"?>
<robot generator="Robot 5.0.1 (Python 3.10.7 on win32)" generated="20221010 11:06:39.801" rpa="false" schemaversion="3">
<suite id="s1" name="AtividadesRobot" source="C:\MAMP\htdocs\AtividadesRobot">
<suite id="s1-s1" name="Robot" source="C:\MAMP\htdocs\AtividadesRobot\Robot">
<suite id="s1-s1-s1" name="PesquisaEmAcao" source="C:\MAMP\htdocs\AtividadesRobot\Robot\PesquisaEmAcao">
<suite id="s1-s1-s1-s1" name="Link" source="C:\MAMP\htdocs\AtividadesRobot\Robot\PesquisaEmAcao\link.robot">
<test id="s1-s1-s1-s1-t1" name="Cenário 1: Acessando o site" line="12">
<kw name="Abrir Site">
<kw name="Open Browser" library="SeleniumLibrary">
<arg>https://centauro.com.br/</arg>
<arg>chrome</arg>
<doc>Opens a new browser instance to the optional ``url``.</doc>
<msg timestamp="20221010 11:06:40.158" level="INFO">Opening browser 'chrome' to base url 'https://centauro.com.br/'.</msg>
<status status="PASS" starttime="20221010 11:06:40.158" endtime="20221010 11:06:44.002"/>
</kw>
<status status="PASS" starttime="20221010 11:06:40.157" endtime="20221010 11:06:44.003"/>
</kw>
<status status="PASS" starttime="20221010 11:06:40.155" endtime="20221010 11:06:44.003"/>
</test>
<status status="PASS" starttime="20221010 11:06:39.869" endtime="20221010 11:06:44.006"/>
</suite>
<status status="PASS" starttime="20221010 11:06:39.862" endtime="20221010 11:06:44.014"/>
</suite>
<status status="PASS" starttime="20221010 11:06:39.857" endtime="20221010 11:06:44.020"/>
</suite>
<status status="PASS" starttime="20221010 11:06:39.808" endtime="20221010 11:06:44.026"/>
</suite>
<statistics>
<total>
<stat pass="1" fail="0" skip="0">All Tests</stat>
</total>
<tag>
</tag>
<suite>
<stat pass="1" fail="0" skip="0" id="s1" name="AtividadesRobot">AtividadesRobot</stat>
<stat pass="1" fail="0" skip="0" id="s1-s1" name="Robot">AtividadesRobot.Robot</stat>
<stat pass="1" fail="0" skip="0" id="s1-s1-s1" name="PesquisaEmAcao">AtividadesRobot.Robot.PesquisaEmAcao</stat>
<stat pass="1" fail="0" skip="0" id="s1-s1-s1-s1" name="Link">AtividadesRobot.Robot.PesquisaEmAcao.Link</stat>
</suite>
</statistics>
<errors>
</errors>
</robot>
